2018-03-22 06:11:08 INFO  TextObject:98 - 12/26/2017:  [startX=75.0, endX=119.87453, yPos=139.08002, fontSize=11.0, font=GYTUBY+TimesNewRoman]
2018-03-22 06:11:08 INFO  TextObject:98 - BRUCE W BANKS:  [startX=74.88, endX=158.76436, yPos=165.84003, fontSize=11.0, font=GYTUBY+TimesNewRoman]
2018-03-22 06:11:08 INFO  TextObject:98 - 75 PHILLIPS LANE:  [startX=74.88, endX=160.79655, yPos=178.32, fontSize=11.0, font=GYTUBY+TimesNewRoman]
2018-03-22 06:11:08 INFO  TextObject:98 - WHATLEY AL 36482-4574:  [startX=74.88, endX=197.27715, yPos=190.79999, fontSize=11.0, font=GYTUBY+TimesNewRoman]
2018-03-22 06:11:08 INFO  TextObject:98 - Action Needed - State Change Request:  [startX=218.76, endX=397.07632, yPos=240.12, fontSize=11.0, font=EFJJFU+TimesNewRoman,Bold]
2018-03-22 06:11:08 INFO  TextObject:98 - Re:      Vehicle description:     2015 FORD TRU:  [startX=74.87996, endX=281.51477, yPos=277.31995, fontSize=11.0, font=GYTUBY+TimesNewRoman]
2018-03-22 06:11:08 INFO  TextObject:98 -  VIN:      1FTEW1EF1FKE01206:  [startX=74.87996, endX=246.96527, yPos=289.79993, fontSize=11.0, font=GYTUBY+TimesNewRoman]
2018-03-22 06:11:08 INFO  TextObject:98 - Dear BRUCE W BANKS,:  [startX=74.87996, endX=189.11511, yPos=314.63995, fontSize=11.0, font=GYTUBY+TimesNewRoman]
2018-03-22 06:11:08 INFO  TextObject:98 - This letter is to inform you the Alabama title has been sent to the titling agency listed below.:  [startX=74.87996, endX=482.39594, yPos=339.5999, fontSize=11.0, font=GYTUBY+TimesNewRoman]
2018-03-22 06:11:08 INFO  TextObject:98 - BANKS BRUCE WELDON:  [startX=110.87998, endX=230.16252, yPos=364.56, fontSize=11.0, font=GYTUBY+TimesNewRoman]
2018-03-22 06:11:08 INFO  TextObject:98 - 4950 POLK STREET:  [startX=110.88, endX=201.11507, yPos=377.04, fontSize=11.0, font=GYTUBY+TimesNewRoman]
2018-03-22 06:11:08 INFO  TextObject:98 - TUCSON AZ 85714:  [startX=110.88, endX=197.16101, yPos=389.4, fontSize=11.0, font=GYTUBY+TimesNewRoman]
2018-03-22 06:11:08 INFO  TextObject:98 - Courier:  EXML:  [startX=110.88, endX=178.07584, yPos=414.35995, fontSize=11.0, font=GYTUBY+TimesNewRoman]
2018-03-22 06:11:08 INFO  TextObject:98 - Tracking Number and Date Shipped::  [startX=110.88, endX=270.96005, yPos=427.07993, fontSize=11.0, font=GYTUBY+TimesNewRoman]
2018-03-22 06:11:08 INFO  TextObject:98 - 8956 - 12/24/2017:  [startX=285.72006, endX=361.68542, yPos=427.07993, fontSize=11.0, font=GYTUBY+TimesNewRoman]
2018-03-22 06:11:08 INFO  TextObject:98 - Please contact your local titling agency as we have not received the title from the state. If you no longer :  [startX=74.87999, endX=533.6433, yPos=452.0399, fontSize=11.0, font=GYTUBY+TimesNewRoman]
2018-03-22 06:11:08 INFO  TextObject:98 - need to process the name change, request the titling agency send the title back to us immediately to the :  [startX=74.88, endX=529.6784, yPos=464.52, fontSize=11.0, font=GYTUBY+TimesNewRoman]
2018-03-22 06:11:08 INFO  TextObject:98 - following address: :  [startX=74.88, endX=157.0745, yPos=476.88, fontSize=11.0, font=GYTUBY+TimesNewRoman]
2018-03-22 06:11:08 INFO  TextObject:98 - SANTANDER CONSUMER USA INC.:  [startX=110.88002, endX=287.63913, yPos=501.83997, fontSize=11.0, font=GYTUBY+TimesNewRoman]
2018-03-22 06:11:08 INFO  TextObject:98 - PO BOX 961288:  [startX=110.88002, endX=181.44447, yPos=514.31995, fontSize=11.0, font=GYTUBY+TimesNewRoman]
2018-03-22 06:11:08 INFO  TextObject:98 - Fort Worth TX 76161:  [startX=110.88002, endX=203.03682, yPos=526.7999, fontSize=11.0, font=GYTUBY+TimesNewRoman]
2018-03-22 06:11:08 INFO  TextObject:98 - If you have questions, please contact us at 866.730.7807 or e-mail us at contactus@fdielt.com.:  [startX=74.88, endX=490.55847, yPos=551.76, fontSize=11.0, font=GYTUBY+TimesNewRoman]
2018-03-22 06:11:08 INFO  TextObject:98 - Sincerely,:  [startX=74.88, endX=116.761406, yPos=576.6, fontSize=11.0, font=GYTUBY+TimesNewRoman]
2018-03-22 06:11:08 INFO  TextObject:98 - Title Services Department:  [startX=74.88, endX=188.04378, yPos=614.04004, fontSize=11.0, font=GYTUBY+TimesNewRoman]
2018-03-22 06:11:08 INFO  TextObject:98 - Santander Consumer USA Inc.:  [startX=74.88, endX=208.67523, yPos=626.52, fontSize=11.0, font=GYTUBY+TimesNewRoman]
2018-03-22 06:11:08 INFO  TextObject:98 - Phone 866.730.7807:  [startX=74.88, endX=160.5646, yPos=638.88, fontSize=11.0, font=GYTUBY+TimesNewRoman]
2018-03-22 06:11:08 INFO  TextObject:98 - E-mail contactus@fdielt.com:  [startX=74.88, endX=196.19481, yPos=651.36, fontSize=11.0, font=GYTUBY+TimesNewRoman]
2018-03-22 06:11:08 INFO  TextObject:98 - Santander Consumer USA | Titles Department | PHONE 800.526.0157 | FAX 214.237.3549:  [startX=143.76, endX=471.47754, yPos=726.0, fontSize=9.0, font=GYTUBY+TimesNewRoman]
2018-03-22 06:11:08 INFO  TextObject:98 - 5201 Rufe Snow Drive | Suite 400 | North Richland Hills TX 76180:  [startX=186.96002, endX=428.04385, yPos=740.28, fontSize=9.0, font=GYTUBY+TimesNewRoman]
2018-03-22 06:11:08 INFO  TextObject:98 - 1FTEW1EF1FKE01206 (AL):  [startX=75.0, endX=180.47859, yPos=754.68, fontSize=9.0, font=GYTUBY+TimesNewRoman]
2018-03-22 06:11:08 INFO  TextObject:98 - DV-TM-:  [startX=307.8, endX=337.32315, yPos=755.76, fontSize=9.0, font=GYTUBY+TimesNewRoman]
2018-03-22 06:11:08 INFO  TextObject:98 - RD-17312:  [startX=507.1243, endX=540.84314, yPos=755.76, fontSize=9.0, font=GYTUBY+TimesNewRoman]
2018-03-22 06:11:08 INFO  TextObject:98 - BANKS BRUCE WELDON:  [startX=75.0, endX=172.20413, yPos=764.8801, fontSize=9.0, font=GYTUBY+TimesNewRoman]
2018-03-22 06:11:08 INFO  PdfExtractor:47 - File Name : letter.pdf
2018-03-22 06:19:07 INFO  TextObject:98 - 12/26/2017:  [startX=75.0, endX=119.87453, yPos=139.08002, fontSize=11.0, font=GYTUBY+TimesNewRoman]
2018-03-22 06:19:07 INFO  TextObject:98 - BRUCE W BANKS:  [startX=74.88, endX=158.76436, yPos=165.84003, fontSize=11.0, font=GYTUBY+TimesNewRoman]
2018-03-22 06:19:07 INFO  TextObject:98 - 75 PHILLIPS LANE:  [startX=74.88, endX=160.79655, yPos=178.32, fontSize=11.0, font=GYTUBY+TimesNewRoman]
2018-03-22 06:19:07 INFO  TextObject:98 - WHATLEY AL 36482-4574:  [startX=74.88, endX=197.27715, yPos=190.79999, fontSize=11.0, font=GYTUBY+TimesNewRoman]
2018-03-22 06:19:07 INFO  TextObject:98 - Action Needed - State Change Request:  [startX=218.76, endX=397.07632, yPos=240.12, fontSize=11.0, font=EFJJFU+TimesNewRoman,Bold]
2018-03-22 06:19:07 INFO  TextObject:98 - Re:      Vehicle description:     2015 FORD TRU:  [startX=74.87996, endX=281.51477, yPos=277.31995, fontSize=11.0, font=GYTUBY+TimesNewRoman]
2018-03-22 06:19:07 INFO  TextObject:98 -  VIN:      1FTEW1EF1FKE01206:  [startX=74.87996, endX=246.96527, yPos=289.79993, fontSize=11.0, font=GYTUBY+TimesNewRoman]
2018-03-22 06:19:07 INFO  TextObject:98 - Dear BRUCE W BANKS,:  [startX=74.87996, endX=189.11511, yPos=314.63995, fontSize=11.0, font=GYTUBY+TimesNewRoman]
2018-03-22 06:19:07 INFO  TextObject:98 - This letter is to inform you the Alabama title has been sent to the titling agency listed below.:  [startX=74.87996, endX=482.39594, yPos=339.5999, fontSize=11.0, font=GYTUBY+TimesNewRoman]
2018-03-22 06:19:07 INFO  TextObject:98 - BANKS BRUCE WELDON:  [startX=110.87998, endX=230.16252, yPos=364.56, fontSize=11.0, font=GYTUBY+TimesNewRoman]
2018-03-22 06:19:07 INFO  TextObject:98 - 4950 POLK STREET:  [startX=110.88, endX=201.11507, yPos=377.04, fontSize=11.0, font=GYTUBY+TimesNewRoman]
2018-03-22 06:19:07 INFO  TextObject:98 - TUCSON AZ 85714:  [startX=110.88, endX=197.16101, yPos=389.4, fontSize=11.0, font=GYTUBY+TimesNewRoman]
2018-03-22 06:19:07 INFO  TextObject:98 - Courier:  EXML:  [startX=110.88, endX=178.07584, yPos=414.35995, fontSize=11.0, font=GYTUBY+TimesNewRoman]
2018-03-22 06:19:07 INFO  TextObject:98 - Tracking Number and Date Shipped::  [startX=110.88, endX=270.96005, yPos=427.07993, fontSize=11.0, font=GYTUBY+TimesNewRoman]
2018-03-22 06:19:07 INFO  TextObject:98 - 8956 - 12/24/2017:  [startX=285.72006, endX=361.68542, yPos=427.07993, fontSize=11.0, font=GYTUBY+TimesNewRoman]
2018-03-22 06:19:07 INFO  TextObject:98 - Please contact your local titling agency as we have not received the title from the state. If you no longer :  [startX=74.87999, endX=533.6433, yPos=452.0399, fontSize=11.0, font=GYTUBY+TimesNewRoman]
2018-03-22 06:19:07 INFO  TextObject:98 - need to process the name change, request the titling agency send the title back to us immediately to the :  [startX=74.88, endX=529.6784, yPos=464.52, fontSize=11.0, font=GYTUBY+TimesNewRoman]
2018-03-22 06:19:07 INFO  TextObject:98 - following address: :  [startX=74.88, endX=157.0745, yPos=476.88, fontSize=11.0, font=GYTUBY+TimesNewRoman]
2018-03-22 06:19:07 INFO  TextObject:98 - SANTANDER CONSUMER USA INC.:  [startX=110.88002, endX=287.63913, yPos=501.83997, fontSize=11.0, font=GYTUBY+TimesNewRoman]
2018-03-22 06:19:07 INFO  TextObject:98 - PO BOX 961288:  [startX=110.88002, endX=181.44447, yPos=514.31995, fontSize=11.0, font=GYTUBY+TimesNewRoman]
2018-03-22 06:19:07 INFO  TextObject:98 - Fort Worth TX 76161:  [startX=110.88002, endX=203.03682, yPos=526.7999, fontSize=11.0, font=GYTUBY+TimesNewRoman]
2018-03-22 06:19:07 INFO  TextObject:98 - If you have questions, please contact us at 866.730.7807 or e-mail us at contactus@fdielt.com.:  [startX=74.88, endX=490.55847, yPos=551.76, fontSize=11.0, font=GYTUBY+TimesNewRoman]
2018-03-22 06:19:07 INFO  TextObject:98 - Sincerely,:  [startX=74.88, endX=116.761406, yPos=576.6, fontSize=11.0, font=GYTUBY+TimesNewRoman]
2018-03-22 06:19:07 INFO  TextObject:98 - Title Services Department:  [startX=74.88, endX=188.04378, yPos=614.04004, fontSize=11.0, font=GYTUBY+TimesNewRoman]
2018-03-22 06:19:07 INFO  TextObject:98 - Santander Consumer USA Inc.:  [startX=74.88, endX=208.67523, yPos=626.52, fontSize=11.0, font=GYTUBY+TimesNewRoman]
2018-03-22 06:19:07 INFO  TextObject:98 - Phone 866.730.7807:  [startX=74.88, endX=160.5646, yPos=638.88, fontSize=11.0, font=GYTUBY+TimesNewRoman]
2018-03-22 06:19:07 INFO  TextObject:98 - E-mail contactus@fdielt.com:  [startX=74.88, endX=196.19481, yPos=651.36, fontSize=11.0, font=GYTUBY+TimesNewRoman]
2018-03-22 06:19:07 INFO  TextObject:98 - Santander Consumer USA | Titles Department | PHONE 800.526.0157 | FAX 214.237.3549:  [startX=143.76, endX=471.47754, yPos=726.0, fontSize=9.0, font=GYTUBY+TimesNewRoman]
2018-03-22 06:19:07 INFO  TextObject:98 - 5201 Rufe Snow Drive | Suite 400 | North Richland Hills TX 76180:  [startX=186.96002, endX=428.04385, yPos=740.28, fontSize=9.0, font=GYTUBY+TimesNewRoman]
2018-03-22 06:19:07 INFO  TextObject:98 - 1FTEW1EF1FKE01206 (AL):  [startX=75.0, endX=180.47859, yPos=754.68, fontSize=9.0, font=GYTUBY+TimesNewRoman]
2018-03-22 06:19:07 INFO  TextObject:98 - DV-TM-:  [startX=307.8, endX=337.32315, yPos=755.76, fontSize=9.0, font=GYTUBY+TimesNewRoman]
2018-03-22 06:19:07 INFO  TextObject:98 - RD-17312:  [startX=507.1243, endX=540.84314, yPos=755.76, fontSize=9.0, font=GYTUBY+TimesNewRoman]
2018-03-22 06:19:07 INFO  TextObject:98 - BANKS BRUCE WELDON:  [startX=75.0, endX=172.20413, yPos=764.8801, fontSize=9.0, font=GYTUBY+TimesNewRoman]
2018-03-22 06:19:07 INFO  PdfExtractor:47 - File Name : letter.pdf
2018-03-22 06:20:00 INFO  PDCIDFontType2:129 - OpenType Layout tables used in font ABCDEE+Times New Roman,Bold are not implemented in PDFBox and will be ignored
2018-03-22 06:20:01 INFO  TextObject:98 -  :  [startX=72.024, endX=72.024, yPos=9.960022, fontSize=11.0, font=ABCDEE+Times New Roman]
2018-03-22 06:20:01 INFO  TextObject:98 -  :  [startX=612.12, endX=612.12, yPos=111.73999, fontSize=11.0, font=ABCDEE+Times New Roman]
2018-03-22 06:20:01 INFO  TextObject:98 -  :  [startX=72.024, endX=72.024, yPos=121.70001, fontSize=11.0, font=ABCDEE+Times New Roman]
2018-03-22 06:20:01 INFO  TextObject:98 -  :  [startX=72.024, endX=72.024, yPos=134.41998, fontSize=11.0, font=ABCDEE+Times New Roman]
2018-03-22 06:20:01 INFO  TextObject:98 - <<PrintedDate>> :  [startX=72.024, endX=149.42, yPos=147.02002, fontSize=11.0, font=ABCDEE+Times New Roman]
2018-03-22 06:20:01 INFO  TextObject:98 -  :  [startX=72.024, endX=72.024, yPos=159.62, fontSize=11.0, font=ABCDEE+Times New Roman]
2018-03-22 06:20:01 INFO  TextObject:98 - <<@@CustomerNameBlock>> :  [startX=72.024, endX=212.45, yPos=172.34003, fontSize=11.0, font=ABCDEE+Times New Roman]
2018-03-22 06:20:01 INFO  TextObject:98 - <<@@CustomerAddressBlock>> :  [startX=72.024, endX=222.29, yPos=184.94, fontSize=11.0, font=ABCDEE+Times New Roman]
2018-03-22 06:20:01 INFO  TextObject:98 -  :  [startX=72.024, endX=72.024, yPos=197.65997, fontSize=11.0, font=ABCDEE+Times New Roman]
2018-03-22 06:20:01 INFO  TextObject:98 -  :  [startX=72.024, endX=72.024, yPos=210.38, fontSize=11.0, font=ABCDEE+Times New Roman]
2018-03-22 06:20:01 INFO  TextObject:98 -  :  [startX=72.024, endX=72.024, yPos=222.97998, fontSize=11.0, font=ABCDEE+Times New Roman,Bold]
2018-03-22 06:20:01 INFO  TextObject:98 - Action Needed – State Change Request :  [startX=221.69, endX=399.31, yPos=235.70001, fontSize=11.0, font=ABCDEE+Times New Roman,Bold]
2018-03-22 06:20:01 INFO  TextObject:98 -  :  [startX=72.024, endX=72.024, yPos=248.06, fontSize=11.0, font=ABCDEE+Times New Roman]
2018-03-22 06:20:01 INFO  TextObject:98 -  :  [startX=479.38, endX=479.38, yPos=260.69, fontSize=11.0, font=ABCDEE+Times New Roman]
2018-03-22 06:20:01 INFO  TextObject:98 - Re: Vehicle description: <<LetterYear>> <<LetterMake>> :  [startX=71.664, endX=354.43, yPos=266.09003, fontSize=11.0, font=ABCDEE+Times New Roman]
2018-03-22 06:20:01 INFO  TextObject:98 -  :  [startX=479.38, endX=479.38, yPos=273.40997, fontSize=11.0, font=ABCDEE+Times New Roman]
2018-03-22 06:20:01 INFO  TextObject:98 -  VIN: <<VIN>> :  [startX=71.664, endX=180.02, yPos=278.69, fontSize=11.0, font=ABCDEE+Times New Roman]
2018-03-22 06:20:01 INFO  TextObject:98 -  :  [startX=479.38, endX=479.38, yPos=286.01, fontSize=11.0, font=ABCDEE+Times New Roman]
2018-03-22 06:20:01 INFO  TextObject:98 -  :  [startX=72.024, endX=72.024, yPos=298.73, fontSize=11.0, font=ABCDEE+Times New Roman]
2018-03-22 06:20:01 INFO  TextObject:98 - Dear <<OwnerName1>>, :  [startX=72.024, endX=185.42, yPos=311.33, fontSize=11.0, font=ABCDEE+Times New Roman]
2018-03-22 06:20:01 INFO  TextObject:98 -  :  [startX=72.024, endX=72.024, yPos=324.05, fontSize=11.0, font=ABCDEE+Times New Roman]
2018-03-22 06:20:01 INFO  TextObject:98 - This letter is to inform you the <<JurisdictionLongName>> title has been sent to the titling agency listed :  [startX=72.024, endX=533.3368, yPos=336.65, fontSize=11.0, font=ABCDEE+Times New Roman]
2018-03-22 06:20:01 INFO  TextObject:98 - below. :  [startX=72.024, endX=101.66, yPos=349.25, fontSize=11.0, font=ABCDEE+Times New Roman]
2018-03-22 06:20:01 INFO  TextObject:98 -  :  [startX=72.024, endX=72.024, yPos=361.97, fontSize=11.0, font=ABCDEE+Times New Roman]
2018-03-22 06:20:01 INFO  TextObject:98 - <<@@MailToNameBlock>> :  [startX=106.58, endX=237.17, yPos=374.57, fontSize=11.0, font=ABCDEE+Times New Roman]
2018-03-22 06:20:01 INFO  TextObject:98 - <<@@MailToAddressBlock>> :  [startX=106.58, endX=247.01, yPos=387.29, fontSize=11.0, font=ABCDEE+Times New Roman]
2018-03-22 06:20:01 INFO  TextObject:98 -  :  [startX=106.58, endX=106.58, yPos=399.89, fontSize=11.0, font=ABCDEE+Times New Roman]
2018-03-22 06:20:01 INFO  TextObject:98 - Courier: <<MailCourier>> :  [startX=106.58, endX=237.65, yPos=412.49, fontSize=11.0, font=ABCDEE+Times New Roman]
2018-03-22 06:20:01 INFO  TextObject:98 - Tracking Number and Date Shipped: <<@@TrackingNumberAndDate>> :  [startX=106.58, endX=445.03, yPos=425.23, fontSize=11.0, font=ABCDEE+Times New Roman]
2018-03-22 06:20:01 INFO  TextObject:98 -  :  [startX=72.024, endX=72.024, yPos=437.83, fontSize=11.0, font=ABCDEE+Times New Roman]
2018-03-22 06:20:01 INFO  TextObject:98 - Please contact your local titling agency as we have not received the title from the new state. If you no :  [startX=72.024, endX=518.54565, yPos=450.55, fontSize=11.0, font=ABCDEE+Times New Roman]
2018-03-22 06:20:01 INFO  TextObject:98 - longer need to process the state change, request the titling agency send the title back to us immediately to :  [startX=72.024, endX=535.48315, yPos=463.15, fontSize=11.0, font=ABCDEE+Times New Roman]
2018-03-22 06:20:01 INFO  TextObject:98 - the following address:  :  [startX=72.024, endX=172.58, yPos=475.75, fontSize=11.0, font=ABCDEE+Times New Roman]
2018-03-22 06:20:01 INFO  TextObject:98 -  :  [startX=72.024, endX=72.024, yPos=488.47, fontSize=11.0, font=ABCDEE+Times New Roman]
2018-03-22 06:20:01 INFO  TextObject:98 - <<LienHolderName>> :  [startX=108.02, endX=209.81, yPos=501.07, fontSize=11.0, font=ABCDEE+Times New Roman]
2018-03-22 06:20:01 INFO  TextObject:98 - <<@@LienHolderAddressBlock>> :  [startX=108.02, endX=266.09, yPos=513.79004, fontSize=11.0, font=ABCDEE+Times New Roman]
2018-03-22 06:20:01 INFO  TextObject:98 -  :  [startX=108.02, endX=108.02, yPos=526.39, fontSize=11.0, font=ABCDEE+Times New Roman]
2018-03-22 06:20:01 INFO  TextObject:98 -  :  [startX=108.02, endX=108.02, yPos=538.99, fontSize=11.0, font=ABCDEE+Times New Roman]
2018-03-22 06:20:01 INFO  TextObject:98 -  :  [startX=72.024, endX=72.024, yPos=551.71, fontSize=11.0, font=ABCDEE+Times New Roman]
2018-03-22 06:20:01 INFO  TextObject:98 - If you have questions, please contact us at <<ContactPhone>> or e-mail us at <<ContactEmail>>. :  [startX=72.024, endX=508.42, yPos=564.31, fontSize=11.0, font=ABCDEE+Times New Roman]
2018-03-22 06:20:01 INFO  TextObject:98 -  :  [startX=72.024, endX=72.024, yPos=577.03, fontSize=11.0, font=ABCDEE+Times New Roman]
2018-03-22 06:20:01 INFO  TextObject:98 - Sincerely, :  [startX=72.024, endX=116.3, yPos=589.66003, fontSize=11.0, font=ABCDEE+Times New Roman]
2018-03-22 06:20:01 INFO  TextObject:98 -  :  [startX=72.024, endX=72.024, yPos=602.38, fontSize=11.0, font=ABCDEE+Times New Roman]
2018-03-22 06:20:01 INFO  TextObject:98 -  :  [startX=72.024, endX=72.024, yPos=614.98, fontSize=11.0, font=ABCDEE+Times New Roman]
2018-03-22 06:20:01 INFO  TextObject:98 - Title Services Department :  [startX=72.024, endX=187.46, yPos=627.58, fontSize=11.0, font=ABCDEE+Times New Roman]
2018-03-22 06:20:01 INFO  TextObject:98 - <<ClientLongName>> :  [startX=72.024, endX=173.18, yPos=640.3, fontSize=11.0, font=ABCDEE+Times New Roman]
2018-03-22 06:20:01 INFO  TextObject:98 - Phone <<ContactPhone>> :  [startX=72.024, endX=189.02, yPos=652.9, fontSize=11.0, font=ABCDEE+Times New Roman]
2018-03-22 06:20:01 INFO  TextObject:98 - Fax <<ContactFax>> :  [startX=72.024, endX=166.82, yPos=665.62, fontSize=11.0, font=ABCDEE+Times New Roman]
2018-03-22 06:20:01 INFO  TextObject:98 - Email <<ContactEmail>>  :  [startX=72.024, endX=189.14, yPos=678.22, fontSize=11.0, font=ABCDEE+Times New Roman]
2018-03-22 06:20:01 INFO  TextObject:98 -  :  [startX=72.024, endX=72.024, yPos=690.82, fontSize=11.0, font=ABCDEE+Times New Roman]
2018-03-22 06:20:01 INFO  TextObject:98 -  :  [startX=72.024, endX=72.024, yPos=701.736, fontSize=9.0, font=ABCDEE+Times New Roman]
2018-03-22 06:20:01 INFO  TextObject:98 -  :  [startX=72.024, endX=72.024, yPos=712.056, fontSize=9.0, font=ABCDEE+Times New Roman]
2018-03-22 06:20:01 INFO  TextObject:98 -  <<BrandName>> | Titles Department | PHONE <<ContactPhoneRelease>> | FAX <<ContactFaxRelease>> :  [startX=72.024, endX=524.26, yPos=722.376, fontSize=9.0, font=ABCDEE+Times New Roman]
2018-03-22 06:20:01 INFO  TextObject:98 -      <<RACLine1>> | <<RACLine2>>|<<RACCity>> <<RACState>> <<RACZip>>  :  [startX=72.024, endX=504.1, yPos=732.696, fontSize=9.0, font=ABCDEE+Times New Roman]
2018-03-22 06:20:01 INFO  TextObject:98 - <<@@CollateralIdentifierBlock>>  <<ClientUniqueID>>-TM-<<RequestTransactionCode>> RD-17312 :  [startX=72.024, endX=540.1, yPos=773.4, fontSize=9.0, font=ABCDEE+Times New Roman]
2018-03-22 06:20:01 INFO  WordExtractor:42 - Constructing PDFstripper with pdf file passed to it
2018-03-22 06:20:43 INFO  PDCIDFontType2:129 - OpenType Layout tables used in font ABCDEE+Times New Roman,Bold are not implemented in PDFBox and will be ignored
2018-03-22 06:20:43 INFO  TextObject:98 -  :  [startX=72.024, endX=72.024, yPos=9.960022, fontSize=11.0, font=ABCDEE+Times New Roman]
2018-03-22 06:20:43 INFO  TextObject:98 -  :  [startX=612.12, endX=612.12, yPos=111.73999, fontSize=11.0, font=ABCDEE+Times New Roman]
2018-03-22 06:20:43 INFO  TextObject:98 -  :  [startX=72.024, endX=72.024, yPos=121.70001, fontSize=11.0, font=ABCDEE+Times New Roman]
2018-03-22 06:20:43 INFO  TextObject:98 -  :  [startX=72.024, endX=72.024, yPos=134.41998, fontSize=11.0, font=ABCDEE+Times New Roman]
2018-03-22 06:20:43 INFO  TextObject:98 - <<PrintedDate>> :  [startX=72.024, endX=149.42, yPos=147.02002, fontSize=11.0, font=ABCDEE+Times New Roman]
2018-03-22 06:20:43 INFO  TextObject:98 -  :  [startX=72.024, endX=72.024, yPos=159.62, fontSize=11.0, font=ABCDEE+Times New Roman]
2018-03-22 06:20:43 INFO  TextObject:98 - <<@@CustomerNameBlock>> :  [startX=72.024, endX=212.45, yPos=172.34003, fontSize=11.0, font=ABCDEE+Times New Roman]
2018-03-22 06:20:43 INFO  TextObject:98 - <<@@CustomerAddressBlock>> :  [startX=72.024, endX=222.29, yPos=184.94, fontSize=11.0, font=ABCDEE+Times New Roman]
2018-03-22 06:20:43 INFO  TextObject:98 -  :  [startX=72.024, endX=72.024, yPos=197.65997, fontSize=11.0, font=ABCDEE+Times New Roman]
2018-03-22 06:20:43 INFO  TextObject:98 -  :  [startX=72.024, endX=72.024, yPos=210.38, fontSize=11.0, font=ABCDEE+Times New Roman]
2018-03-22 06:20:43 INFO  TextObject:98 -  :  [startX=72.024, endX=72.024, yPos=222.97998, fontSize=11.0, font=ABCDEE+Times New Roman,Bold]
2018-03-22 06:20:43 INFO  TextObject:98 - Action Needed – State Change Request :  [startX=221.69, endX=399.31, yPos=235.70001, fontSize=11.0, font=ABCDEE+Times New Roman,Bold]
2018-03-22 06:20:43 INFO  TextObject:98 -  :  [startX=72.024, endX=72.024, yPos=248.06, fontSize=11.0, font=ABCDEE+Times New Roman]
2018-03-22 06:20:43 INFO  TextObject:98 -  :  [startX=479.38, endX=479.38, yPos=260.69, fontSize=11.0, font=ABCDEE+Times New Roman]
2018-03-22 06:20:43 INFO  TextObject:98 - Re: Vehicle description: <<LetterYear>> <<LetterMake>> :  [startX=71.664, endX=354.43, yPos=266.09003, fontSize=11.0, font=ABCDEE+Times New Roman]
2018-03-22 06:20:43 INFO  TextObject:98 -  :  [startX=479.38, endX=479.38, yPos=273.40997, fontSize=11.0, font=ABCDEE+Times New Roman]
2018-03-22 06:20:43 INFO  TextObject:98 -  VIN: <<VIN>> :  [startX=71.664, endX=180.02, yPos=278.69, fontSize=11.0, font=ABCDEE+Times New Roman]
2018-03-22 06:20:43 INFO  TextObject:98 -  :  [startX=479.38, endX=479.38, yPos=286.01, fontSize=11.0, font=ABCDEE+Times New Roman]
2018-03-22 06:20:43 INFO  TextObject:98 -  :  [startX=72.024, endX=72.024, yPos=298.73, fontSize=11.0, font=ABCDEE+Times New Roman]
2018-03-22 06:20:43 INFO  TextObject:98 - Dear <<OwnerName1>>, :  [startX=72.024, endX=185.42, yPos=311.33, fontSize=11.0, font=ABCDEE+Times New Roman]
2018-03-22 06:20:43 INFO  TextObject:98 -  :  [startX=72.024, endX=72.024, yPos=324.05, fontSize=11.0, font=ABCDEE+Times New Roman]
2018-03-22 06:20:43 INFO  TextObject:98 - This letter is to inform you the <<JurisdictionLongName>> title has been sent to the titling agency listed :  [startX=72.024, endX=533.3368, yPos=336.65, fontSize=11.0, font=ABCDEE+Times New Roman]
2018-03-22 06:20:43 INFO  TextObject:98 - below. :  [startX=72.024, endX=101.66, yPos=349.25, fontSize=11.0, font=ABCDEE+Times New Roman]
2018-03-22 06:20:43 INFO  TextObject:98 -  :  [startX=72.024, endX=72.024, yPos=361.97, fontSize=11.0, font=ABCDEE+Times New Roman]
2018-03-22 06:20:43 INFO  TextObject:98 - <<@@MailToNameBlock>> :  [startX=106.58, endX=237.17, yPos=374.57, fontSize=11.0, font=ABCDEE+Times New Roman]
2018-03-22 06:20:43 INFO  TextObject:98 - <<@@MailToAddressBlock>> :  [startX=106.58, endX=247.01, yPos=387.29, fontSize=11.0, font=ABCDEE+Times New Roman]
2018-03-22 06:20:43 INFO  TextObject:98 -  :  [startX=106.58, endX=106.58, yPos=399.89, fontSize=11.0, font=ABCDEE+Times New Roman]
2018-03-22 06:20:43 INFO  TextObject:98 - Courier: <<MailCourier>> :  [startX=106.58, endX=237.65, yPos=412.49, fontSize=11.0, font=ABCDEE+Times New Roman]
2018-03-22 06:20:43 INFO  TextObject:98 - Tracking Number and Date Shipped: <<@@TrackingNumberAndDate>> :  [startX=106.58, endX=445.03, yPos=425.23, fontSize=11.0, font=ABCDEE+Times New Roman]
2018-03-22 06:20:43 INFO  TextObject:98 -  :  [startX=72.024, endX=72.024, yPos=437.83, fontSize=11.0, font=ABCDEE+Times New Roman]
2018-03-22 06:20:43 INFO  TextObject:98 - Please contact your local titling agency as we have not received the title from the new state. If you no :  [startX=72.024, endX=518.54565, yPos=450.55, fontSize=11.0, font=ABCDEE+Times New Roman]
2018-03-22 06:20:43 INFO  TextObject:98 - longer need to process the state change, request the titling agency send the title back to us immediately to :  [startX=72.024, endX=535.48315, yPos=463.15, fontSize=11.0, font=ABCDEE+Times New Roman]
2018-03-22 06:20:43 INFO  TextObject:98 - the following address:  :  [startX=72.024, endX=172.58, yPos=475.75, fontSize=11.0, font=ABCDEE+Times New Roman]
2018-03-22 06:20:43 INFO  TextObject:98 -  :  [startX=72.024, endX=72.024, yPos=488.47, fontSize=11.0, font=ABCDEE+Times New Roman]
2018-03-22 06:20:43 INFO  TextObject:98 - <<LienHolderName>> :  [startX=108.02, endX=209.81, yPos=501.07, fontSize=11.0, font=ABCDEE+Times New Roman]
2018-03-22 06:20:43 INFO  TextObject:98 - <<@@LienHolderAddressBlock>> :  [startX=108.02, endX=266.09, yPos=513.79004, fontSize=11.0, font=ABCDEE+Times New Roman]
2018-03-22 06:20:43 INFO  TextObject:98 -  :  [startX=108.02, endX=108.02, yPos=526.39, fontSize=11.0, font=ABCDEE+Times New Roman]
2018-03-22 06:20:43 INFO  TextObject:98 -  :  [startX=108.02, endX=108.02, yPos=538.99, fontSize=11.0, font=ABCDEE+Times New Roman]
2018-03-22 06:20:43 INFO  TextObject:98 -  :  [startX=72.024, endX=72.024, yPos=551.71, fontSize=11.0, font=ABCDEE+Times New Roman]
2018-03-22 06:20:43 INFO  TextObject:98 - If you have questions, please contact us at <<ContactPhone>> or e-mail us at <<ContactEmail>>. :  [startX=72.024, endX=508.42, yPos=564.31, fontSize=11.0, font=ABCDEE+Times New Roman]
2018-03-22 06:20:43 INFO  TextObject:98 -  :  [startX=72.024, endX=72.024, yPos=577.03, fontSize=11.0, font=ABCDEE+Times New Roman]
2018-03-22 06:20:43 INFO  TextObject:98 - Sincerely, :  [startX=72.024, endX=116.3, yPos=589.66003, fontSize=11.0, font=ABCDEE+Times New Roman]
2018-03-22 06:20:43 INFO  TextObject:98 -  :  [startX=72.024, endX=72.024, yPos=602.38, fontSize=11.0, font=ABCDEE+Times New Roman]
2018-03-22 06:20:43 INFO  TextObject:98 -  :  [startX=72.024, endX=72.024, yPos=614.98, fontSize=11.0, font=ABCDEE+Times New Roman]
2018-03-22 06:20:43 INFO  TextObject:98 - Title Services Department :  [startX=72.024, endX=187.46, yPos=627.58, fontSize=11.0, font=ABCDEE+Times New Roman]
2018-03-22 06:20:43 INFO  TextObject:98 - <<ClientLongName>> :  [startX=72.024, endX=173.18, yPos=640.3, fontSize=11.0, font=ABCDEE+Times New Roman]
2018-03-22 06:20:43 INFO  TextObject:98 - Phone <<ContactPhone>> :  [startX=72.024, endX=189.02, yPos=652.9, fontSize=11.0, font=ABCDEE+Times New Roman]
2018-03-22 06:20:43 INFO  TextObject:98 - Fax <<ContactFax>> :  [startX=72.024, endX=166.82, yPos=665.62, fontSize=11.0, font=ABCDEE+Times New Roman]
2018-03-22 06:20:43 INFO  TextObject:98 - Email <<ContactEmail>>  :  [startX=72.024, endX=189.14, yPos=678.22, fontSize=11.0, font=ABCDEE+Times New Roman]
2018-03-22 06:20:43 INFO  TextObject:98 -  :  [startX=72.024, endX=72.024, yPos=690.82, fontSize=11.0, font=ABCDEE+Times New Roman]
2018-03-22 06:20:43 INFO  TextObject:98 -  :  [startX=72.024, endX=72.024, yPos=701.736, fontSize=9.0, font=ABCDEE+Times New Roman]
2018-03-22 06:20:43 INFO  TextObject:98 -  :  [startX=72.024, endX=72.024, yPos=712.056, fontSize=9.0, font=ABCDEE+Times New Roman]
2018-03-22 06:20:43 INFO  TextObject:98 -  <<BrandName>> | Titles Department | PHONE <<ContactPhoneRelease>> | FAX <<ContactFaxRelease>> :  [startX=72.024, endX=524.26, yPos=722.376, fontSize=9.0, font=ABCDEE+Times New Roman]
2018-03-22 06:20:43 INFO  TextObject:98 -      <<RACLine1>> | <<RACLine2>>|<<RACCity>> <<RACState>> <<RACZip>>  :  [startX=72.024, endX=504.1, yPos=732.696, fontSize=9.0, font=ABCDEE+Times New Roman]
2018-03-22 06:20:43 INFO  TextObject:98 - <<@@CollateralIdentifierBlock>>  <<ClientUniqueID>>-TM-<<RequestTransactionCode>> RD-17312 :  [startX=72.024, endX=540.1, yPos=773.4, fontSize=9.0, font=ABCDEE+Times New Roman]
2018-03-22 06:20:43 INFO  WordExtractor:42 - Constructing PDFstripper with pdf file passed to it
2018-03-22 06:24:45 INFO  PDCIDFontType2:129 - OpenType Layout tables used in font ABCDEE+Times New Roman,Bold are not implemented in PDFBox and will be ignored
2018-03-22 06:24:45 INFO  TextObject:98 -  :  [startX=72.024, endX=72.024, yPos=9.960022, fontSize=11.0, font=ABCDEE+Times New Roman]
2018-03-22 06:24:45 INFO  TextObject:98 -  :  [startX=612.12, endX=612.12, yPos=111.73999, fontSize=11.0, font=ABCDEE+Times New Roman]
2018-03-22 06:24:45 INFO  TextObject:98 -  :  [startX=72.024, endX=72.024, yPos=121.70001, fontSize=11.0, font=ABCDEE+Times New Roman]
2018-03-22 06:24:45 INFO  TextObject:98 -  :  [startX=72.024, endX=72.024, yPos=134.41998, fontSize=11.0, font=ABCDEE+Times New Roman]
2018-03-22 06:24:45 INFO  TextObject:98 - <<PrintedDate>> :  [startX=72.024, endX=149.42, yPos=147.02002, fontSize=11.0, font=ABCDEE+Times New Roman]
2018-03-22 06:24:45 INFO  TextObject:98 -  :  [startX=72.024, endX=72.024, yPos=159.62, fontSize=11.0, font=ABCDEE+Times New Roman]
2018-03-22 06:24:45 INFO  TextObject:98 - <<@@CustomerNameBlock>> :  [startX=72.024, endX=212.45, yPos=172.34003, fontSize=11.0, font=ABCDEE+Times New Roman]
2018-03-22 06:24:45 INFO  TextObject:98 - <<@@CustomerAddressBlock>> :  [startX=72.024, endX=222.29, yPos=184.94, fontSize=11.0, font=ABCDEE+Times New Roman]
2018-03-22 06:24:45 INFO  TextObject:98 -  :  [startX=72.024, endX=72.024, yPos=197.65997, fontSize=11.0, font=ABCDEE+Times New Roman]
2018-03-22 06:24:45 INFO  TextObject:98 -  :  [startX=72.024, endX=72.024, yPos=210.38, fontSize=11.0, font=ABCDEE+Times New Roman]
2018-03-22 06:24:45 INFO  TextObject:98 -  :  [startX=72.024, endX=72.024, yPos=222.97998, fontSize=11.0, font=ABCDEE+Times New Roman,Bold]
2018-03-22 06:24:45 INFO  TextObject:98 - Action Needed – State Change Request :  [startX=221.69, endX=399.31, yPos=235.70001, fontSize=11.0, font=ABCDEE+Times New Roman,Bold]
2018-03-22 06:24:45 INFO  TextObject:98 -  :  [startX=72.024, endX=72.024, yPos=248.06, fontSize=11.0, font=ABCDEE+Times New Roman]
2018-03-22 06:24:45 INFO  TextObject:98 -  :  [startX=479.38, endX=479.38, yPos=260.69, fontSize=11.0, font=ABCDEE+Times New Roman]
2018-03-22 06:24:45 INFO  TextObject:98 - Re: Vehicle description: <<LetterYear>> <<LetterMake>> :  [startX=71.664, endX=354.43, yPos=266.09003, fontSize=11.0, font=ABCDEE+Times New Roman]
2018-03-22 06:24:46 INFO  TextObject:98 -  :  [startX=479.38, endX=479.38, yPos=273.40997, fontSize=11.0, font=ABCDEE+Times New Roman]
2018-03-22 06:24:46 INFO  TextObject:98 -  VIN: <<VIN>> :  [startX=71.664, endX=180.02, yPos=278.69, fontSize=11.0, font=ABCDEE+Times New Roman]
2018-03-22 06:24:46 INFO  TextObject:98 -  :  [startX=479.38, endX=479.38, yPos=286.01, fontSize=11.0, font=ABCDEE+Times New Roman]
2018-03-22 06:24:46 INFO  TextObject:98 -  :  [startX=72.024, endX=72.024, yPos=298.73, fontSize=11.0, font=ABCDEE+Times New Roman]
2018-03-22 06:24:46 INFO  TextObject:98 - Dear <<OwnerName1>>, :  [startX=72.024, endX=185.42, yPos=311.33, fontSize=11.0, font=ABCDEE+Times New Roman]
2018-03-22 06:24:46 INFO  TextObject:98 -  :  [startX=72.024, endX=72.024, yPos=324.05, fontSize=11.0, font=ABCDEE+Times New Roman]
2018-03-22 06:24:46 INFO  TextObject:98 - This letter is to inform you the <<JurisdictionLongName>> title has been sent to the titling agency listed :  [startX=72.024, endX=533.3368, yPos=336.65, fontSize=11.0, font=ABCDEE+Times New Roman]
2018-03-22 06:24:46 INFO  TextObject:98 - below. :  [startX=72.024, endX=101.66, yPos=349.25, fontSize=11.0, font=ABCDEE+Times New Roman]
2018-03-22 06:24:46 INFO  TextObject:98 -  :  [startX=72.024, endX=72.024, yPos=361.97, fontSize=11.0, font=ABCDEE+Times New Roman]
2018-03-22 06:24:46 INFO  TextObject:98 - <<@@MailToNameBlock>> :  [startX=106.58, endX=237.17, yPos=374.57, fontSize=11.0, font=ABCDEE+Times New Roman]
2018-03-22 06:24:46 INFO  TextObject:98 - <<@@MailToAddressBlock>> :  [startX=106.58, endX=247.01, yPos=387.29, fontSize=11.0, font=ABCDEE+Times New Roman]
2018-03-22 06:24:46 INFO  TextObject:98 -  :  [startX=106.58, endX=106.58, yPos=399.89, fontSize=11.0, font=ABCDEE+Times New Roman]
2018-03-22 06:24:46 INFO  TextObject:98 - Courier: <<MailCourier>> :  [startX=106.58, endX=237.65, yPos=412.49, fontSize=11.0, font=ABCDEE+Times New Roman]
2018-03-22 06:24:46 INFO  TextObject:98 - Tracking Number and Date Shipped: <<@@TrackingNumberAndDate>> :  [startX=106.58, endX=445.03, yPos=425.23, fontSize=11.0, font=ABCDEE+Times New Roman]
2018-03-22 06:24:46 INFO  TextObject:98 -  :  [startX=72.024, endX=72.024, yPos=437.83, fontSize=11.0, font=ABCDEE+Times New Roman]
2018-03-22 06:24:46 INFO  TextObject:98 - Please contact your local titling agency as we have not received the title from the new state. If you no :  [startX=72.024, endX=518.54565, yPos=450.55, fontSize=11.0, font=ABCDEE+Times New Roman]
2018-03-22 06:24:46 INFO  TextObject:98 - longer need to process the state change, request the titling agency send the title back to us immediately to :  [startX=72.024, endX=535.48315, yPos=463.15, fontSize=11.0, font=ABCDEE+Times New Roman]
2018-03-22 06:24:46 INFO  TextObject:98 - the following address:  :  [startX=72.024, endX=172.58, yPos=475.75, fontSize=11.0, font=ABCDEE+Times New Roman]
2018-03-22 06:24:46 INFO  TextObject:98 -  :  [startX=72.024, endX=72.024, yPos=488.47, fontSize=11.0, font=ABCDEE+Times New Roman]
2018-03-22 06:24:46 INFO  TextObject:98 - <<LienHolderName>> :  [startX=108.02, endX=209.81, yPos=501.07, fontSize=11.0, font=ABCDEE+Times New Roman]
2018-03-22 06:24:46 INFO  TextObject:98 - <<@@LienHolderAddressBlock>> :  [startX=108.02, endX=266.09, yPos=513.79004, fontSize=11.0, font=ABCDEE+Times New Roman]
2018-03-22 06:24:46 INFO  TextObject:98 -  :  [startX=108.02, endX=108.02, yPos=526.39, fontSize=11.0, font=ABCDEE+Times New Roman]
2018-03-22 06:24:46 INFO  TextObject:98 -  :  [startX=108.02, endX=108.02, yPos=538.99, fontSize=11.0, font=ABCDEE+Times New Roman]
2018-03-22 06:24:46 INFO  TextObject:98 -  :  [startX=72.024, endX=72.024, yPos=551.71, fontSize=11.0, font=ABCDEE+Times New Roman]
2018-03-22 06:24:46 INFO  TextObject:98 - If you have questions, please contact us at <<ContactPhone>> or e-mail us at <<ContactEmail>>. :  [startX=72.024, endX=508.42, yPos=564.31, fontSize=11.0, font=ABCDEE+Times New Roman]
2018-03-22 06:24:46 INFO  TextObject:98 -  :  [startX=72.024, endX=72.024, yPos=577.03, fontSize=11.0, font=ABCDEE+Times New Roman]
2018-03-22 06:24:46 INFO  TextObject:98 - Sincerely, :  [startX=72.024, endX=116.3, yPos=589.66003, fontSize=11.0, font=ABCDEE+Times New Roman]
2018-03-22 06:24:46 INFO  TextObject:98 -  :  [startX=72.024, endX=72.024, yPos=602.38, fontSize=11.0, font=ABCDEE+Times New Roman]
2018-03-22 06:24:46 INFO  TextObject:98 -  :  [startX=72.024, endX=72.024, yPos=614.98, fontSize=11.0, font=ABCDEE+Times New Roman]
2018-03-22 06:24:46 INFO  TextObject:98 - Title Services Department :  [startX=72.024, endX=187.46, yPos=627.58, fontSize=11.0, font=ABCDEE+Times New Roman]
2018-03-22 06:24:46 INFO  TextObject:98 - <<ClientLongName>> :  [startX=72.024, endX=173.18, yPos=640.3, fontSize=11.0, font=ABCDEE+Times New Roman]
2018-03-22 06:24:46 INFO  TextObject:98 - Phone <<ContactPhone>> :  [startX=72.024, endX=189.02, yPos=652.9, fontSize=11.0, font=ABCDEE+Times New Roman]
2018-03-22 06:24:46 INFO  TextObject:98 - Fax <<ContactFax>> :  [startX=72.024, endX=166.82, yPos=665.62, fontSize=11.0, font=ABCDEE+Times New Roman]
2018-03-22 06:24:46 INFO  TextObject:98 - Email <<ContactEmail>>  :  [startX=72.024, endX=189.14, yPos=678.22, fontSize=11.0, font=ABCDEE+Times New Roman]
2018-03-22 06:24:46 INFO  TextObject:98 -  :  [startX=72.024, endX=72.024, yPos=690.82, fontSize=11.0, font=ABCDEE+Times New Roman]
2018-03-22 06:24:46 INFO  TextObject:98 -  :  [startX=72.024, endX=72.024, yPos=701.736, fontSize=9.0, font=ABCDEE+Times New Roman]
2018-03-22 06:24:46 INFO  TextObject:98 -  :  [startX=72.024, endX=72.024, yPos=712.056, fontSize=9.0, font=ABCDEE+Times New Roman]
2018-03-22 06:24:46 INFO  TextObject:98 -  <<BrandName>> | Titles Department | PHONE <<ContactPhoneRelease>> | FAX <<ContactFaxRelease>> :  [startX=72.024, endX=524.26, yPos=722.376, fontSize=9.0, font=ABCDEE+Times New Roman]
2018-03-22 06:24:46 INFO  TextObject:98 -      <<RACLine1>> | <<RACLine2>>|<<RACCity>> <<RACState>> <<RACZip>>  :  [startX=72.024, endX=504.1, yPos=732.696, fontSize=9.0, font=ABCDEE+Times New Roman]
2018-03-22 06:24:46 INFO  TextObject:98 - <<@@CollateralIdentifierBlock>>  <<ClientUniqueID>>-TM-<<RequestTransactionCode>> RD-17312 :  [startX=72.024, endX=540.1, yPos=773.4, fontSize=9.0, font=ABCDEE+Times New Roman]
2018-03-22 06:24:46 INFO  WordExtractor:42 - Constructing PDFstripper with pdf file passed to it
2018-03-22 06:24:46 INFO  TextObject:98 - 12/26/2017:  [startX=75.0, endX=119.87453, yPos=139.08002, fontSize=11.0, font=GYTUBY+TimesNewRoman]
2018-03-22 06:24:46 INFO  TextObject:98 - BRUCE W BANKS:  [startX=74.88, endX=158.76436, yPos=165.84003, fontSize=11.0, font=GYTUBY+TimesNewRoman]
2018-03-22 06:24:46 INFO  TextObject:98 - 75 PHILLIPS LANE:  [startX=74.88, endX=160.79655, yPos=178.32, fontSize=11.0, font=GYTUBY+TimesNewRoman]
2018-03-22 06:24:46 INFO  TextObject:98 - WHATLEY AL 36482-4574:  [startX=74.88, endX=197.27715, yPos=190.79999, fontSize=11.0, font=GYTUBY+TimesNewRoman]
2018-03-22 06:24:46 INFO  TextObject:98 - Action Needed - State Change Request:  [startX=218.76, endX=397.07632, yPos=240.12, fontSize=11.0, font=EFJJFU+TimesNewRoman,Bold]
2018-03-22 06:24:46 INFO  TextObject:98 - Re:      Vehicle description:     2015 FORD TRU:  [startX=74.87996, endX=281.51477, yPos=277.31995, fontSize=11.0, font=GYTUBY+TimesNewRoman]
2018-03-22 06:24:46 INFO  TextObject:98 -  VIN:      1FTEW1EF1FKE01206:  [startX=74.87996, endX=246.96527, yPos=289.79993, fontSize=11.0, font=GYTUBY+TimesNewRoman]
2018-03-22 06:24:46 INFO  TextObject:98 - Dear BRUCE W BANKS,:  [startX=74.87996, endX=189.11511, yPos=314.63995, fontSize=11.0, font=GYTUBY+TimesNewRoman]
2018-03-22 06:24:46 INFO  TextObject:98 - This letter is to inform you the Alabama title has been sent to the titling agency listed below.:  [startX=74.87996, endX=482.39594, yPos=339.5999, fontSize=11.0, font=GYTUBY+TimesNewRoman]
2018-03-22 06:24:46 INFO  TextObject:98 - BANKS BRUCE WELDON:  [startX=110.87998, endX=230.16252, yPos=364.56, fontSize=11.0, font=GYTUBY+TimesNewRoman]
2018-03-22 06:24:46 INFO  TextObject:98 - 4950 POLK STREET:  [startX=110.88, endX=201.11507, yPos=377.04, fontSize=11.0, font=GYTUBY+TimesNewRoman]
2018-03-22 06:24:46 INFO  TextObject:98 - TUCSON AZ 85714:  [startX=110.88, endX=197.16101, yPos=389.4, fontSize=11.0, font=GYTUBY+TimesNewRoman]
2018-03-22 06:24:46 INFO  TextObject:98 - Courier:  EXML:  [startX=110.88, endX=178.07584, yPos=414.35995, fontSize=11.0, font=GYTUBY+TimesNewRoman]
2018-03-22 06:24:46 INFO  TextObject:98 - Tracking Number and Date Shipped::  [startX=110.88, endX=270.96005, yPos=427.07993, fontSize=11.0, font=GYTUBY+TimesNewRoman]
2018-03-22 06:24:46 INFO  TextObject:98 - 8956 - 12/24/2017:  [startX=285.72006, endX=361.68542, yPos=427.07993, fontSize=11.0, font=GYTUBY+TimesNewRoman]
2018-03-22 06:24:46 INFO  TextObject:98 - Please contact your local titling agency as we have not received the title from the state. If you no longer :  [startX=74.87999, endX=533.6433, yPos=452.0399, fontSize=11.0, font=GYTUBY+TimesNewRoman]
2018-03-22 06:24:46 INFO  TextObject:98 - need to process the name change, request the titling agency send the title back to us immediately to the :  [startX=74.88, endX=529.6784, yPos=464.52, fontSize=11.0, font=GYTUBY+TimesNewRoman]
2018-03-22 06:24:46 INFO  TextObject:98 - following address: :  [startX=74.88, endX=157.0745, yPos=476.88, fontSize=11.0, font=GYTUBY+TimesNewRoman]
2018-03-22 06:24:46 INFO  TextObject:98 - SANTANDER CONSUMER USA INC.:  [startX=110.88002, endX=287.63913, yPos=501.83997, fontSize=11.0, font=GYTUBY+TimesNewRoman]
2018-03-22 06:24:46 INFO  TextObject:98 - PO BOX 961288:  [startX=110.88002, endX=181.44447, yPos=514.31995, fontSize=11.0, font=GYTUBY+TimesNewRoman]
2018-03-22 06:24:46 INFO  TextObject:98 - Fort Worth TX 76161:  [startX=110.88002, endX=203.03682, yPos=526.7999, fontSize=11.0, font=GYTUBY+TimesNewRoman]
2018-03-22 06:24:46 INFO  TextObject:98 - If you have questions, please contact us at 866.730.7807 or e-mail us at contactus@fdielt.com.:  [startX=74.88, endX=490.55847, yPos=551.76, fontSize=11.0, font=GYTUBY+TimesNewRoman]
2018-03-22 06:24:46 INFO  TextObject:98 - Sincerely,:  [startX=74.88, endX=116.761406, yPos=576.6, fontSize=11.0, font=GYTUBY+TimesNewRoman]
2018-03-22 06:24:46 INFO  TextObject:98 - Title Services Department:  [startX=74.88, endX=188.04378, yPos=614.04004, fontSize=11.0, font=GYTUBY+TimesNewRoman]
2018-03-22 06:24:46 INFO  TextObject:98 - Santander Consumer USA Inc.:  [startX=74.88, endX=208.67523, yPos=626.52, fontSize=11.0, font=GYTUBY+TimesNewRoman]
2018-03-22 06:24:46 INFO  TextObject:98 - Phone 866.730.7807:  [startX=74.88, endX=160.5646, yPos=638.88, fontSize=11.0, font=GYTUBY+TimesNewRoman]
2018-03-22 06:24:46 INFO  TextObject:98 - E-mail contactus@fdielt.com:  [startX=74.88, endX=196.19481, yPos=651.36, fontSize=11.0, font=GYTUBY+TimesNewRoman]
2018-03-22 06:24:46 INFO  TextObject:98 - Santander Consumer USA | Titles Department | PHONE 800.526.0157 | FAX 214.237.3549:  [startX=143.76, endX=471.47754, yPos=726.0, fontSize=9.0, font=GYTUBY+TimesNewRoman]
2018-03-22 06:24:46 INFO  TextObject:98 - 5201 Rufe Snow Drive | Suite 400 | North Richland Hills TX 76180:  [startX=186.96002, endX=428.04385, yPos=740.28, fontSize=9.0, font=GYTUBY+TimesNewRoman]
2018-03-22 06:24:46 INFO  TextObject:98 - 1FTEW1EF1FKE01206 (AL):  [startX=75.0, endX=180.47859, yPos=754.68, fontSize=9.0, font=GYTUBY+TimesNewRoman]
2018-03-22 06:24:46 INFO  TextObject:98 - DV-TM-:  [startX=307.8, endX=337.32315, yPos=755.76, fontSize=9.0, font=GYTUBY+TimesNewRoman]
2018-03-22 06:24:46 INFO  TextObject:98 - RD-17312:  [startX=507.1243, endX=540.84314, yPos=755.76, fontSize=9.0, font=GYTUBY+TimesNewRoman]
2018-03-22 06:24:46 INFO  TextObject:98 - BANKS BRUCE WELDON:  [startX=75.0, endX=172.20413, yPos=764.8801, fontSize=9.0, font=GYTUBY+TimesNewRoman]
